<?xml version="1.0" encoding="UTF-8"?>
<testsuite xmlns:xsi="http://www.w3.org/2001/XMLSchema-instance" xsi:noNamespaceSchemaLocation="https://maven.apache.org/surefire/maven-surefire-plugin/xsd/surefire-test-report-3.0.xsd" version="3.0" name="com.example.securerise.dto.AlarmDTOTest" time="0.051" tests="12" errors="0" skipped="0" failures="0">
  <properties>
[...]
</properties>
  <testcase name="setStartingTime" classname="com.example.securerise.dto.AlarmDTOTest" time="0.007"/>
  <testcase name="isPlayingSound(AlarmDTO)[1]" classname="com.example.securerise.dto.AlarmDTOTest" time="0.006"/>
  <testcase name="getAlarmSound(AlarmDTO)[1]" classname="com.example.securerise.dto.AlarmDTOTest" time="0.002"/>
  <testcase name="getAlarmName(AlarmDTO)[1]" classname="com.example.securerise.dto.AlarmDTOTest" time="0"/>
  <testcase name="setAlarmSound" classname="com.example.securerise.dto.AlarmDTOTest" time="0"/>
  <testcase name="getId(AlarmDTO)[1]" classname="com.example.securerise.dto.AlarmDTOTest" time="0"/>
  <testcase name="setId" classname="com.example.securerise.dto.AlarmDTOTest" time="0"/>
  <testcase name="setAlarmName" classname="com.example.securerise.dto.AlarmDTOTest" time="0"/>
  <testcase name="setEnabled" classname="com.example.securerise.dto.AlarmDTOTest" time="0.001"/>
  <testcase name="getStartingTime(AlarmDTO)[1]" classname="com.example.securerise.dto.AlarmDTOTest" time="0.001"/>
  <testcase name="setPlayingSound" classname="com.example.securerise.dto.AlarmDTOTest" time="0.001"/>
  <testcase name="isEnabled" classname="com.example.securerise.dto.AlarmDTOTest" time="0"/>
</testsuite>